\BOOKMARK [0][-]{chapter.1}{Introduction}{}% 1
\BOOKMARK [1][-]{section.1.1}{Purpose}{chapter.1}% 2
\BOOKMARK [1][-]{section.1.2}{Scope}{chapter.1}% 3
\BOOKMARK [1][-]{section.1.3}{Definitions, Acronyms, Abbreviations}{chapter.1}% 4
\BOOKMARK [2][-]{subsection.1.3.1}{Definitions}{section.1.3}% 5
\BOOKMARK [2][-]{subsection.1.3.2}{Acronyms and Abbreviations}{section.1.3}% 6
\BOOKMARK [1][-]{section.1.4}{Revision History}{chapter.1}% 7
\BOOKMARK [1][-]{section.1.5}{Reference Documents}{chapter.1}% 8
\BOOKMARK [1][-]{section.1.6}{Documents Structure}{chapter.1}% 9
\BOOKMARK [0][-]{chapter.2}{Architectural Design}{}% 10
\BOOKMARK [1][-]{section.2.1}{Overview}{chapter.2}% 11
\BOOKMARK [1][-]{section.2.2}{Component View}{chapter.2}% 12
\BOOKMARK [1][-]{section.2.3}{Deployment View}{chapter.2}% 13
\BOOKMARK [1][-]{section.2.4}{Runtime View}{chapter.2}% 14
\BOOKMARK [2][-]{subsection.2.4.1}{Session Control}{section.2.4}% 15
\BOOKMARK [2][-]{subsection.2.4.2}{Sign Up}{section.2.4}% 16
\BOOKMARK [1][-]{section.2.5}{Component Interfaces}{chapter.2}% 17
\BOOKMARK [1][-]{section.2.6}{Selected Architectural Styles and Patterns}{chapter.2}% 18
\BOOKMARK [1][-]{section.2.7}{Other Design Decisions}{chapter.2}% 19
\BOOKMARK [0][-]{chapter.3}{User Interface Design}{}% 20
\BOOKMARK [0][-]{chapter.4}{Requirements Traceability}{}% 21
\BOOKMARK [0][-]{chapter.5}{Implementation, Integration and Test Plan}{}% 22
\BOOKMARK [0][-]{chapter.6}{Effort Spent}{}% 23
\BOOKMARK [0][-]{chapter.7}{References}{}% 24
