\BOOKMARK [0][-]{chapter.1}{Introduction}{}% 1
\BOOKMARK [1][-]{section.1.1}{Purpose}{chapter.1}% 2
\BOOKMARK [2][-]{subsection.1.1.1}{Description of the Given Problem}{section.1.1}% 3
\BOOKMARK [2][-]{subsection.1.1.2}{Goals}{section.1.1}% 4
\BOOKMARK [1][-]{section.1.2}{Scope}{chapter.1}% 5
\BOOKMARK [1][-]{section.1.3}{Definitions, Acronyms, Abbreviations}{chapter.1}% 6
\BOOKMARK [1][-]{section.1.4}{Revision History}{chapter.1}% 7
\BOOKMARK [1][-]{section.1.5}{Reference Documents}{chapter.1}% 8
\BOOKMARK [1][-]{section.1.6}{Documents Structure}{chapter.1}% 9
\BOOKMARK [0][-]{chapter.2}{Overall Description}{}% 10
\BOOKMARK [1][-]{section.2.1}{Product Perspective}{chapter.2}% 11
\BOOKMARK [1][-]{section.2.2}{Product Functions}{chapter.2}% 12
\BOOKMARK [1][-]{section.2.3}{User Characteristics}{chapter.2}% 13
\BOOKMARK [1][-]{section.2.4}{Assumptions, Dependencies and Constraints}{chapter.2}% 14
\BOOKMARK [0][-]{chapter.3}{Specific Requirements}{}% 15
\BOOKMARK [1][-]{section.3.1}{External Interface Requirements}{chapter.3}% 16
\BOOKMARK [2][-]{subsection.3.1.1}{User Interfaces}{section.3.1}% 17
\BOOKMARK [2][-]{subsection.3.1.2}{Hardware Interfaces}{section.3.1}% 18
\BOOKMARK [2][-]{subsection.3.1.3}{Software interfaces}{section.3.1}% 19
\BOOKMARK [2][-]{subsection.3.1.4}{Communications Interfaces}{section.3.1}% 20
\BOOKMARK [1][-]{section.3.2}{Functional Requirements}{chapter.3}% 21
\BOOKMARK [2][-]{subsection.3.2.1}{Requirements}{section.3.2}% 22
\BOOKMARK [2][-]{subsection.3.2.2}{Definition of Use Case Diagrams}{section.3.2}% 23
\BOOKMARK [2][-]{subsection.3.2.3}{Use Cases and Sequence/Activity Diagrams}{section.3.2}% 24
\BOOKMARK [2][-]{subsection.3.2.4}{Mapping on Requirements}{section.3.2}% 25
\BOOKMARK [1][-]{section.3.3}{Performance Requirements}{chapter.3}% 26
\BOOKMARK [1][-]{section.3.4}{Design Constraints}{chapter.3}% 27
\BOOKMARK [2][-]{subsection.3.4.1}{Standard Compliance}{section.3.4}% 28
\BOOKMARK [2][-]{subsection.3.4.2}{Hardware limitations}{section.3.4}% 29
\BOOKMARK [2][-]{subsection.3.4.3}{Any Other Constraint}{section.3.4}% 30
\BOOKMARK [1][-]{section.3.5}{Software System Attributes}{chapter.3}% 31
\BOOKMARK [2][-]{subsection.3.5.1}{Reliability}{section.3.5}% 32
\BOOKMARK [2][-]{subsection.3.5.2}{Availability}{section.3.5}% 33
\BOOKMARK [2][-]{subsection.3.5.3}{Security}{section.3.5}% 34
\BOOKMARK [2][-]{subsection.3.5.4}{Maintainability}{section.3.5}% 35
\BOOKMARK [2][-]{subsection.3.5.5}{Portability}{section.3.5}% 36
\BOOKMARK [0][-]{chapter.4}{Formal Analysis Using Alloy}{}% 37
\BOOKMARK [0][-]{chapter.5}{Effort Spent}{}% 38
\BOOKMARK [0][-]{chapter.6}{References}{}% 39
\BOOKMARK [0][-]{section*.2}{Glossary}{}% 40
